<?xml version="1.0" encoding="UTF-8" ?>
<testsuite tests="1" failures="0" name="com.ibm.java.MyCalculator.AppTest" time="0.003" errors="0" skipped="0">
  <properties>
    <property name="java.runtime.name" value="Java(TM) SE Runtime Environment"/>
    <property name="sun.boot.library.path" value="C:\Program Files\Java\jre1.8.0_231\bin"/>
    <property name="java.vm.version" value="25.231-b11"/>
    <property name="java.vm.vendor" value="Oracle Corporation"/>
    <property name="maven.multiModuleProjectDirectory" value="C:\workspace\MyCalculator"/>
    <property name="java.vendor.url" value="http://java.oracle.com/"/>
    <property name="path.separator" value=";"/>
    <property name="guice.disable.misplaced.annotation.check" value="true"/>
    <property name="java.vm.name" value="Java HotSpot(TM) 64-Bit Server VM"/>
    <property name="file.encoding.pkg" value="sun.io"/>
    <property name="user.script" value=""/>
    <property name="user.country" value="IN"/>
    <property name="sun.java.launcher" value="SUN_STANDARD"/>
    <property name="sun.os.patch.level" value=""/>
    <property name="java.vm.specification.name" value="Java Virtual Machine Specification"/>
    <property name="user.dir" value="C:\workspace\MyCalculator"/>
    <property name="java.runtime.version" value="1.8.0_231-b11"/>
    <property name="java.awt.graphicsenv" value="sun.awt.Win32GraphicsEnvironment"/>
    <property name="java.endorsed.dirs" value="C:\Program Files\Java\jre1.8.0_231\lib\endorsed"/>
    <property name="os.arch" value="amd64"/>
    <property name="java.io.tmpdir" value="C:\Users\ANILME~1\AppData\Local\Temp\"/>
    <property name="line.separator" value="
"/>
    <property name="java.vm.specification.vendor" value="Oracle Corporation"/>
    <property name="user.variant" value=""/>
    <property name="os.name" value="Windows 10"/>
    <property name="classworlds.conf" value="C:\workspace\.metadata\.plugins\org.eclipse.m2e.launching\launches\m2conf7004215307700073319.tmp"/>
    <property name="sun.jnu.encoding" value="Cp1252"/>
    <property name="java.library.path" value="C:\Program Files\Java\jre1.8.0_231\bin;C:\WINDOWS\Sun\Java\bin;C:\WINDOWS\system32;C:\WINDOWS;C:/Program Files/Java/jre1.8.0_231/bin/server;C:/Program Files/Java/jre1.8.0_231/bin;C:/Program Files/Java/jre1.8.0_231/lib/amd64;C:\Program Files (x86)\Common Files\Oracle\Java\javapath;C:\WINDOWS\system32;C:\WINDOWS;C:\WINDOWS\System32\Wbem;C:\WINDOWS\System32\WindowsPowerShell\v1.0\;C:\WINDOWS\System32\OpenSSH\;C:\Program Files (x86)\Microsoft SQL Server\150\DTS\Binn\;C:\Program Files\Java\jdk1.8.0_201;C:\Program Files\Java\jdk1.8.0_201\bin;C:\nodejs\node-v10.16.3-win-x64;C:\Program Files (x86)\Intel\Intel(R) Management Engine Components\DAL;C:\Program Files\Intel\Intel(R) Management Engine Components\DAL;C:\Program Files\Intel\WiFi\bin\;C:\Program Files\Common Files\Intel\WirelessCommon\;C:\Program Files\Git\cmd;C:\Program Files (x86)\Notepad++;C:\Program Files\MySQL\MySQL Shell 8.0\bin\;C:\Users\AnilMekala\AppData\Local\Microsoft\WindowsApps;C:\Users\AnilMekala\AppData\Local\Programs\Microsoft VS Code\bin;C:\WINDOWS\System32;;."/>
    <property name="java.specification.name" value="Java Platform API Specification"/>
    <property name="java.class.version" value="52.0"/>
    <property name="sun.management.compiler" value="HotSpot 64-Bit Tiered Compilers"/>
    <property name="os.version" value="10.0"/>
    <property name="user.home" value="C:\Users\AnilMekala"/>
    <property name="user.timezone" value="Asia/Calcutta"/>
    <property name="java.awt.printerjob" value="sun.awt.windows.WPrinterJob"/>
    <property name="java.specification.version" value="1.8"/>
    <property name="file.encoding" value="Cp1252"/>
    <property name="user.name" value="AnilMekala"/>
    <property name="java.class.path" value="C:\Users\AnilMekala\.p2\pool\plugins\org.eclipse.m2e.maven.runtime_1.13.0.20190716-1623\jars\plexus-classworlds-2.6.0.jar"/>
    <property name="java.vm.specification.version" value="1.8"/>
    <property name="sun.arch.data.model" value="64"/>
    <property name="java.home" value="C:\Program Files\Java\jre1.8.0_231"/>
    <property name="sun.java.command" value="org.codehaus.plexus.classworlds.launcher.Launcher -B package"/>
    <property name="java.specification.vendor" value="Oracle Corporation"/>
    <property name="user.language" value="en"/>
    <property name="awt.toolkit" value="sun.awt.windows.WToolkit"/>
    <property name="java.vm.info" value="mixed mode"/>
    <property name="java.version" value="1.8.0_231"/>
    <property name="java.ext.dirs" value="C:\Program Files\Java\jre1.8.0_231\lib\ext;C:\WINDOWS\Sun\Java\lib\ext"/>
    <property name="sun.boot.class.path" value="C:\Program Files\Java\jre1.8.0_231\lib\resources.jar;C:\Program Files\Java\jre1.8.0_231\lib\rt.jar;C:\Program Files\Java\jre1.8.0_231\lib\sunrsasign.jar;C:\Program Files\Java\jre1.8.0_231\lib\jsse.jar;C:\Program Files\Java\jre1.8.0_231\lib\jce.jar;C:\Program Files\Java\jre1.8.0_231\lib\charsets.jar;C:\Program Files\Java\jre1.8.0_231\lib\jfr.jar;C:\Program Files\Java\jre1.8.0_231\classes"/>
    <property name="java.vendor" value="Oracle Corporation"/>
    <property name="maven.home" value="C:\workspace\MyCalculator\EMBEDDED"/>
    <property name="file.separator" value="\"/>
    <property name="java.vendor.url.bug" value="http://bugreport.sun.com/bugreport/"/>
    <property name="sun.cpu.endian" value="little"/>
    <property name="sun.io.unicode.encoding" value="UnicodeLittle"/>
    <property name="sun.desktop" value="windows"/>
    <property name="sun.cpu.isalist" value="amd64"/>
  </properties>
  <testcase classname="com.ibm.java.MyCalculator.AppTest" name="testApp" time="0.003"/>
</testsuite>